<?xml version="1.0" encoding="UTF-8"?>
<testng-results skipped="0" failed="0" total="1" passed="1">
  <reporter-output>
  </reporter-output>
  <suite name="Default suite" duration-ms="27127" started-at="2019-11-20T06:54:47Z" finished-at="2019-11-20T06:55:14Z">
    <groups>
    </groups>
    <test name="Default test" duration-ms="27127" started-at="2019-11-20T06:54:47Z" finished-at="2019-11-20T06:55:14Z">
      <class name="POM.NewTest">
        <test-method status="PASS" signature="f()[pri:0, instance:POM.NewTest@6833ce2c]" name="f" duration-ms="27090" started-at="2019-11-20T12:24:47Z" finished-at="2019-11-20T12:25:14Z">
          <reporter-output>
          </reporter-output>
        </test-method> <!-- f -->
      </class> <!-- POM.NewTest -->
    </test> <!-- Default test -->
  </suite> <!-- Default suite -->
</testng-results>
